#
# There is insufficient memory for the Java Runtime Environment to continue.
# Native memory allocation (malloc) failed to allocate 4088 bytes for AllocateHeap
# Possible reasons:
#   The system is out of physical RAM or swap space
#   The process is running with CompressedOops enabled, and the Java Heap may be blocking the growth of the native heap
# Possible solutions:
#   Reduce memory load on the system
#   Increase physical memory or swap space
#   Check if swap backing store is full
#   Decrease Java heap size (-Xmx/-Xms)
#   Decrease number of Java threads
#   Decrease Java thread stack sizes (-Xss)
#   Set larger code cache with -XX:ReservedCodeCacheSize=
#   JVM is running with Unscaled Compressed Oops mode in which the Java heap is
#     placed in the first 4GB address space. The Java Heap base address is the
#     maximum limit for the native heap growth. Please use -XX:HeapBaseMinAddress
#     to set the Java Heap base and to place the Java Heap above 4GB virtual address.
# This output file may be truncated or incomplete.
#
#  Out of Memory Error (memory/allocation.inline.hpp:61), pid=6628, tid=0x0000000000002114
#
# JRE version: Java(TM) SE Runtime Environment (8.0_201-b09) (build 1.8.0_201-b09)
# Java VM: Java HotSpot(TM) 64-Bit Server VM (25.201-b09 mixed mode windows-amd64 compressed oops)
# Failed to write core dump. Minidumps are not enabled by default on client versions of Windows
#

---------------  T H R E A D  ---------------

Current thread (0x0000000003485800):  GCTaskThread [stack: 0x0000000012d70000,0x0000000012e70000] [id=8468]

Stack: [0x0000000012d70000,0x0000000012e70000]
[error occurred during error reporting (printing stack bounds), id 0xc0000005]


[error occurred during error reporting (printing native stack), id 0xc00000fd]


---------------  P R O C E S S  ---------------

Java Threads: ( => current thread )
  0x0000000016aa5000 JavaThread "Service Thread" daemon [_thread_blocked, id=10412, stack(0x0000000016f70000,0x0000000017070000)]
  0x00000000159bd000 JavaThread "C1 CompilerThread1" daemon [_thread_blocked, id=12628, stack(0x0000000016e70000,0x0000000016f70000)]
  0x0000000015992000 JavaThread "C2 CompilerThread0" daemon [_thread_blocked, id=836, stack(0x0000000016970000,0x0000000016a70000)]
  0x0000000015991000 JavaThread "Attach Listener" daemon [_thread_blocked, id=3184, stack(0x0000000016870000,0x0000000016970000)]
  0x0000000015981000 JavaThread "Signal Dispatcher" daemon [_thread_blocked, id=12956, stack(0x0000000016770000,0x0000000016870000)]
  0x0000000015941800 JavaThread "Finalizer" daemon [_thread_blocked, id=1152, stack(0x0000000016560000,0x0000000016660000)]
  0x0000000015913000 JavaThread "Reference Handler" daemon [_thread_blocked, id=8988, stack(0x0000000016460000,0x0000000016560000)]
  0x0000000003464800 JavaThread "main" [_thread_blocked, id=4624, stack(0x0000000003260000,0x0000000003360000)]

Other Threads:
  0x0000000015901000 VMThread [stack: 0x0000000016360000,0x0000000016460000] [id=12124]
  0x0000000016ab3000 WatcherThread [stack: 0x0000000017070000,0x0000000017170000] [id=6800]

=>0x0000000003485800 (exited) GCTaskThread [stack: 0x0000000012d70000,0x0000000012e70000] [id=8468]

VM state:at safepoint (normal execution)

VM Mutex/Monitor currently owned by a thread:  ([mutex/lock_event])
[0x0000000003461e00] Threads_lock - owner thread: 0x0000000015901000
[0x0000000003463710] Heap_lock - owner thread: 0x0000000003464800

heap address: 0x00000000c1600000, size: 1002 MB, Compressed Oops mode: 32-bit
Narrow klass base: 0x0000000000000000, Narrow klass shift: 3
Compressed class space size: 1073741824 Address: 0x0000000100000000

Heap:
 PSYoungGen      total 146432K, used 146432K [0x00000000eb200000, 0x00000000fb400000, 0x0000000100000000)
  eden space 57344K, 100% used [0x00000000eb200000,0x00000000eea00000,0x00000000eea00000)
  from space 89088K, 100% used [0x00000000f5d00000,0x00000000fb400000,0x00000000fb400000)
  to   space 56832K, 100% used [0x00000000eea00000,0x00000000f2180000,0x00000000f2180000)
 ParOldGen       total 273408K, used 273407K [0x00000000c1600000, 0x00000000d2100000, 0x00000000eb200000)
  object space 273408K, 99% used [0x00000000c1600000,0x00000000d20fff28,0x00000000d2100000)
 Metaspace       used 2475K, capacity 4500K, committed 4864K, reserved 1056768K
  class space    used 275K, capacity 388K, committed 512K, reserved 1048576K

Card table byte_map: [0x0000000012920000,0x0000000012b20000] byte_map_base: 0x0000000012315000

Marking Bits: (ParMarkBitMap*) 0x00000000660d4ce0
 Begin Bits: [0x0000000012e70000, 0x0000000013e18000)
 End Bits:   [0x0000000013e18000, 0x0000000014dc0000)

Polling page: 0x0000000000fc0000

CodeCache: size=245760Kb used=1134Kb max_used=1145Kb free=244625Kb
 bounds [0x0000000003560000, 0x00000000037d0000, 0x0000000012560000]
 total_blobs=275 nmethods=45 adapters=145
 compilation: enabled

Compilation events (10 events):
Event: 0.846 Thread 0x0000000015992000   41       4       ProblemQueue2Wrapper$DoublyLinkedQueue::front (22 bytes)
Event: 0.848 Thread 0x0000000015992000 nmethod 41 0x000000000367afd0 code [0x000000000367b100, 0x000000000367b198]
Event: 0.848 Thread 0x0000000015992000   42       4       ProblemQueue2Wrapper$DoublyLinkedQueue::isEmpty (11 bytes)
Event: 0.849 Thread 0x0000000015992000 nmethod 42 0x000000000367b290 code [0x000000000367b3c0, 0x000000000367b438]
Event: 0.859 Thread 0x00000000159bd000   43 %     3       ProblemQueue2Wrapper::bottomQueue @ 91 (137 bytes)
Event: 0.862 Thread 0x00000000159bd000 nmethod 43% 0x0000000003679510 code [0x0000000003679780, 0x000000000367a528]
Event: 0.862 Thread 0x00000000159bd000   44       3       ProblemQueue2Wrapper::bottomQueue (137 bytes)
Event: 0.864 Thread 0x00000000159bd000 nmethod 44 0x0000000003678190 code [0x00000000036783e0, 0x0000000003678f88]
Event: 0.865 Thread 0x0000000015992000   45 %     4       ProblemQueue2Wrapper::bottomQueue @ 91 (137 bytes)
Event: 0.876 Thread 0x0000000015992000 nmethod 45% 0x000000000367e3d0 code [0x000000000367e540, 0x000000000367e838]

GC Heap History (10 events):
Event: 11.484 GC heap after
Heap after GC invocations=7 (full 2):
 PSYoungGen      total 48128K, used 2560K [0x00000000eb200000, 0x00000000f5380000, 0x0000000100000000)
  eden space 45568K, 0% used [0x00000000eb200000,0x00000000eb200000,0x00000000ede80000)
  from space 2560K, 100% used [0x00000000ede80000,0x00000000ee100000,0x00000000ee100000)
  to   space 51200K, 0% used [0x00000000f2180000,0x00000000f2180000,0x00000000f5380000)
 ParOldGen       total 151040K, used 138553K [0x00000000c1600000, 0x00000000ca980000, 0x00000000eb200000)
  object space 151040K, 91% used [0x00000000c1600000,0x00000000c9d4e728,0x00000000ca980000)
 Metaspace       used 2475K, capacity 4500K, committed 4864K, reserved 1056768K
  class space    used 275K, capacity 388K, committed 512K, reserved 1048576K
}
Event: 11.484 GC heap before
{Heap before GC invocations=8 (full 3):
 PSYoungGen      total 48128K, used 2560K [0x00000000eb200000, 0x00000000f5380000, 0x0000000100000000)
  eden space 45568K, 0% used [0x00000000eb200000,0x00000000eb200000,0x00000000ede80000)
  from space 2560K, 100% used [0x00000000ede80000,0x00000000ee100000,0x00000000ee100000)
  to   space 51200K, 0% used [0x00000000f2180000,0x00000000f2180000,0x00000000f5380000)
 ParOldGen       total 151040K, used 138553K [0x00000000c1600000, 0x00000000ca980000, 0x00000000eb200000)
  object space 151040K, 91% used [0x00000000c1600000,0x00000000c9d4e728,0x00000000ca980000)
 Metaspace       used 2475K, capacity 4500K, committed 4864K, reserved 1056768K
  class space    used 275K, capacity 388K, committed 512K, reserved 1048576K
Event: 26.771 GC heap after
Heap after GC invocations=8 (full 3):
 PSYoungGen      total 48128K, used 0K [0x00000000eb200000, 0x00000000f5380000, 0x0000000100000000)
  eden space 45568K, 0% used [0x00000000eb200000,0x00000000eb200000,0x00000000ede80000)
  from space 2560K, 0% used [0x00000000ede80000,0x00000000ede80000,0x00000000ee100000)
  to   space 51200K, 0% used [0x00000000f2180000,0x00000000f2180000,0x00000000f5380000)
 ParOldGen       total 271360K, used 140815K [0x00000000c1600000, 0x00000000d1f00000, 0x00000000eb200000)
  object space 271360K, 51% used [0x00000000c1600000,0x00000000c9f83f28,0x00000000d1f00000)
 Metaspace       used 2475K, capacity 4500K, committed 4864K, reserved 1056768K
  class space    used 275K, capacity 388K, committed 512K, reserved 1048576K
}
Event: 26.954 GC heap before
{Heap before GC invocations=9 (full 3):
 PSYoungGen      total 48128K, used 45568K [0x00000000eb200000, 0x00000000f5380000, 0x0000000100000000)
  eden space 45568K, 100% used [0x00000000eb200000,0x00000000ede80000,0x00000000ede80000)
  from space 2560K, 0% used [0x00000000ede80000,0x00000000ede80000,0x00000000ee100000)
  to   space 51200K, 0% used [0x00000000f2180000,0x00000000f2180000,0x00000000f5380000)
 ParOldGen       total 271360K, used 140815K [0x00000000c1600000, 0x00000000d1f00000, 0x00000000eb200000)
  object space 271360K, 51% used [0x00000000c1600000,0x00000000c9f83f28,0x00000000d1f00000)
 Metaspace       used 2475K, capacity 4500K, committed 4864K, reserved 1056768K
  class space    used 275K, capacity 388K, committed 512K, reserved 1048576K
Event: 27.473 GC heap after
Heap after GC invocations=9 (full 3):
 PSYoungGen      total 108544K, used 45664K [0x00000000eb200000, 0x00000000f5d80000, 0x0000000100000000)
  eden space 57344K, 0% used [0x00000000eb200000,0x00000000eb200000,0x00000000eea00000)
  from space 51200K, 89% used [0x00000000f2180000,0x00000000f4e18000,0x00000000f5380000)
  to   space 56832K, 0% used [0x00000000eea00000,0x00000000eea00000,0x00000000f2180000)
 ParOldGen       total 271360K, used 140815K [0x00000000c1600000, 0x00000000d1f00000, 0x00000000eb200000)
  object space 271360K, 51% used [0x00000000c1600000,0x00000000c9f83f28,0x00000000d1f00000)
 Metaspace       used 2475K, capacity 4500K, committed 4864K, reserved 1056768K
  class space    used 275K, capacity 388K, committed 512K, reserved 1048576K
}
Event: 27.634 GC heap before
{Heap before GC invocations=10 (full 3):
 PSYoungGen      total 108544K, used 103008K [0x00000000eb200000, 0x00000000f5d80000, 0x0000000100000000)
  eden space 57344K, 100% used [0x00000000eb200000,0x00000000eea00000,0x00000000eea00000)
  from space 51200K, 89% used [0x00000000f2180000,0x00000000f4e18000,0x00000000f5380000)
  to   space 56832K, 0% used [0x00000000eea00000,0x00000000eea00000,0x00000000f2180000)
 ParOldGen       total 271360K, used 140815K [0x00000000c1600000, 0x00000000d1f00000, 0x00000000eb200000)
  object space 271360K, 51% used [0x00000000c1600000,0x00000000c9f83f28,0x00000000d1f00000)
 Metaspace       used 2475K, capacity 4500K, committed 4864K, reserved 1056768K
  class space    used 275K, capacity 388K, committed 512K, reserved 1048576K
Event: 29.644 GC heap after
Heap after GC invocations=10 (full 3):
 PSYoungGen      total 114176K, used 56832K [0x00000000eb200000, 0x00000000fb400000, 0x0000000100000000)
  eden space 57344K, 0% used [0x00000000eb200000,0x00000000eb200000,0x00000000eea00000)
  from space 56832K, 100% used [0x00000000eea00000,0x00000000f2180000,0x00000000f2180000)
  to   space 89088K, 0% used [0x00000000f5d00000,0x00000000f5d00000,0x00000000fb400000)
 ParOldGen       total 271360K, used 187135K [0x00000000c1600000, 0x00000000d1f00000, 0x00000000eb200000)
  object space 271360K, 68% used [0x00000000c1600000,0x00000000cccbff28,0x00000000d1f00000)
 Metaspace       used 2475K, capacity 4500K, committed 4864K, reserved 1056768K
  class space    used 275K, capacity 388K, committed 512K, reserved 1048576K
}
Event: 29.749 GC heap before
{Heap before GC invocations=11 (full 3):
 PSYoungGen      total 114176K, used 114176K [0x00000000eb200000, 0x00000000fb400000, 0x0000000100000000)
  eden space 57344K, 100% used [0x00000000eb200000,0x00000000eea00000,0x00000000eea00000)
  from space 56832K, 100% used [0x00000000eea00000,0x00000000f2180000,0x00000000f2180000)
  to   space 89088K, 0% used [0x00000000f5d00000,0x00000000f5d00000,0x00000000fb400000)
 ParOldGen       total 271360K, used 187135K [0x00000000c1600000, 0x00000000d1f00000, 0x00000000eb200000)
  object space 271360K, 68% used [0x00000000c1600000,0x00000000cccbff28,0x00000000d1f00000)
 Metaspace       used 2475K, capacity 4500K, committed 4864K, reserved 1056768K
  class space    used 275K, capacity 388K, committed 512K, reserved 1048576K
Event: 31.396 GC heap after
Heap after GC invocations=11 (full 3):
 PSYoungGen      total 146432K, used 89088K [0x00000000eb200000, 0x00000000fb400000, 0x0000000100000000)
  eden space 57344K, 0% used [0x00000000eb200000,0x00000000eb200000,0x00000000eea00000)
  from space 89088K, 100% used [0x00000000f5d00000,0x00000000fb400000,0x00000000fb400000)
  to   space 56832K, 0% used [0x00000000eea00000,0x00000000eea00000,0x00000000f2180000)
 ParOldGen       total 271360K, used 212359K [0x00000000c1600000, 0x00000000d1f00000, 0x00000000eb200000)
  object space 271360K, 78% used [0x00000000c1600000,0x00000000ce561f28,0x00000000d1f00000)
 Metaspace       used 2475K, capacity 4500K, committed 4864K, reserved 1056768K
  class space    used 275K, capacity 388K, committed 512K, reserved 1048576K
}
Event: 31.506 GC heap before
{Heap before GC invocations=12 (full 3):
 PSYoungGen      total 146432K, used 146432K [0x00000000eb200000, 0x00000000fb400000, 0x0000000100000000)
  eden space 57344K, 100% used [0x00000000eb200000,0x00000000eea00000,0x00000000eea00000)
  from space 89088K, 100% used [0x00000000f5d00000,0x00000000fb400000,0x00000000fb400000)
  to   space 56832K, 0% used [0x00000000eea00000,0x00000000eea00000,0x00000000f2180000)
 ParOldGen       total 271360K, used 212359K [0x00000000c1600000, 0x00000000d1f00000, 0x00000000eb200000)
  object space 271360K, 78% used [0x00000000c1600000,0x00000000ce561f28,0x00000000d1f00000)
 Metaspace       used 2475K, capacity 4500K, committed 4864K, reserved 1056768K
  class space    used 275K, capacity 388K, committed 512K, reserved 1048576K

Deoptimization events (0 events):
No events

Classes redefined (0 events):
No events

Internal exceptions (2 events):
Event: 0.286 Thread 0x0000000003464800 Exception <a 'java/lang/NoSuchMethodError': Method sun.misc.Unsafe.defineClass(Ljava/lang/String;[BII)Ljava/lang/Class; name or signature does not match> (0x00000000eb207cb0) thrown at [C:\re\workspace\8-2-build-windows-amd64-cygwin\jdk8u201\12322\hotspot
Event: 0.286 Thread 0x0000000003464800 Exception <a 'java/lang/NoSuchMethodError': Method sun.misc.Unsafe.prefetchRead(Ljava/lang/Object;J)V name or signature does not match> (0x00000000eb207f98) thrown at [C:\re\workspace\8-2-build-windows-amd64-cygwin\jdk8u201\12322\hotspot\src\share\vm\prim

Events (10 events):
Event: 10.442 Executing VM operation: ParallelGCFailedAllocation done
Event: 10.547 Executing VM operation: ParallelGCFailedAllocation
Event: 26.772 Executing VM operation: ParallelGCFailedAllocation done
Event: 26.954 Executing VM operation: ParallelGCFailedAllocation
Event: 27.473 Executing VM operation: ParallelGCFailedAllocation done
Event: 27.634 Executing VM operation: ParallelGCFailedAllocation
Event: 29.644 Executing VM operation: ParallelGCFailedAllocation done
Event: 29.749 Executing VM operation: ParallelGCFailedAllocation
Event: 31.396 Executing VM operation: ParallelGCFailedAllocation done
Event: 31.506 Executing VM operation: ParallelGCFailedAllocation


Dynamic libraries:
0x00007ff688ef0000 - 0x00007ff688f27000 	C:\Program Files\Java\jre1.8.0_201\bin\javaw.exe
0x00007ffd518d0000 - 0x00007ffd51ab1000 	C:\Windows\SYSTEM32\ntdll.dll
0x00007ffd4f130000 - 0x00007ffd4f1e1000 	C:\Windows\System32\KERNEL32.DLL
0x00007ffd4e580000 - 0x00007ffd4e7f3000 	C:\Windows\System32\KERNELBASE.dll
0x00007ffd4b470000 - 0x00007ffd4b4fb000 	C:\Windows\SYSTEM32\apphelp.dll
0x00007ffd1bf50000 - 0x00007ffd1c3df000 	C:\Windows\SYSTEM32\AcLayers.DLL
0x00007ffd4f640000 - 0x00007ffd4f6de000 	C:\Windows\System32\msvcrt.dll
0x00007ffd4f6e0000 - 0x00007ffd4f870000 	C:\Windows\System32\USER32.dll
0x00007ffd4ea40000 - 0x00007ffd4ea60000 	C:\Windows\System32\win32u.dll
0x00007ffd4f970000 - 0x00007ffd4f998000 	C:\Windows\System32\GDI32.dll
0x00007ffd4e800000 - 0x00007ffd4e991000 	C:\Windows\System32\gdi32full.dll
0x00007ffd4e9a0000 - 0x00007ffd4ea3f000 	C:\Windows\System32\msvcp_win.dll
0x00007ffd4e480000 - 0x00007ffd4e578000 	C:\Windows\System32\ucrtbase.dll
0x00007ffd4f5e0000 - 0x00007ffd4f631000 	C:\Windows\System32\SHLWAPI.dll
0x00007ffd4ed50000 - 0x00007ffd4f071000 	
0x00007ffd512c0000 - 0x00007ffd513e4000 	
0x00007ffd4e400000 - 0x00007ffd4e479000 	
0x00007ffd2fd70000 - 0x00007ffd2fdf5000 	
0x00007ffd4dbe0000 - 0x00007ffd4dbf1000 	
0x00007ffd4baa0000 - 0x00007ffd4bc55000 	
0x00007ffd4f350000 - 0x00007ffd4f412000 	
0x00007ffd4f080000 - 0x00007ffd4f129000 	
0x00007ffd51840000 - 0x00007ffd5189b000 	
0x00007ffd4d140000 - 0x00007ffd4d178000 	
0x00007ffd4d6d0000 - 0x00007ffd4d6f5000 	
0x0000000000f50000 - 0x0000000000f53000 	
0x00007ffd2f210000 - 0x00007ffd2f223000 	
0x00007ffd36670000 - 0x00007ffd36681000 	
0x00007ffd50e00000 - 0x00007ffd50e2d000 	
0x00007ffd4f480000 - 0x00007ffd4f521000 	
0x00007ffd31970000 - 0x00007ffd31bd9000 	
0x00000000657d0000 - 0x00000000658a1000 	
0x00000000658b0000 - 0x0000000066154000 	
0x00007ffd4f940000 - 0x00007ffd4f948000 	
0x00007ffd4c840000 - 0x00007ffd4c849000 	
0x00007ffd4f870000 - 0x00007ffd4f8dc000 	
0x00007ffd4b0d0000 - 0x00007ffd4b0f3000 	
0x00007ffd45c50000 - 0x00007ffd45c5a000 	
0x00007ffd4ad60000 - 0x00007ffd4ad8a000 	
0x00007ffd4ea60000 - 0x00007ffd4eaa9000 	
0x00007ffd48110000 - 0x00007ffd4811f000 	
0x00007ffd351d0000 - 0x00007ffd351f9000 	
0x00007ffd33950000 - 0x00007ffd33966000 	
0x00007ffd4f9b0000 - 0x00007ffd50df2000 	
0x00007ffd4dcf0000 - 0x00007ffd4e3fe000 	
0x00007ffd4dc00000 - 0x00007ffd4dc1f000 	
0x00007ffd4dc40000 - 0x00007ffd4dc8c000 	
0x00007ffd4dbd0000 - 0x00007ffd4dbda000 	

VM Arguments:
jvm_args: -Dfile.encoding=Cp1252 
java_command: ProblemQueue2Wrapper
java_class_path (initial): C:\Users\Isaac Lorenzo\Documents\ICOM 4035 DATA F2020\Lab08_MockExam#2\bin
Launcher Type: SUN_STANDARD

Environment Variables:
OS=Windows_NT
PROCESSOR_IDENTIFIER=Intel64 Family 6 Model 76 Stepping 4, GenuineIntel



---------------  S Y S T E M  ---------------

OS: Windows 10.0 , 64 bit Build 17134 (10.0.17134.753)

CPU:total 2 (initial active 2) (2 cores per cpu, 1 threads per core) family 6 model 76 stepping 4, cmov, cx8, fxsr, mmx, sse, sse2, sse3, ssse3, sse4.1, sse4.2, popcnt, aes, clmul, erms, 3dnowpref, tsc, tscinvbit

Memory: 4k page, physical 4097616k(274496k free), swap 6777792k(0k free)

vm_info: Java HotSpot(TM) 64-Bit Server VM (25.201-b09) for windows-amd64 JRE (1.8.0_201-b09), built on Dec 15 2018 18:36:39 by "java_re" with MS VC++ 10.0 (VS2010)

time: Sat Oct 31 13:09:19 2020
timezone: Hora estándar oeste, Sudamérica
elapsed time: 35 seconds (0d 0h 0m 35s)

